Clipping input data to the valid range for imshow with RGB data ([0..1] for floats or [0..255] for integers).
Clipping input data to the valid range for imshow with RGB data ([0..1] for floats or [0..255] for integers).
Clipping input data to the valid range for imshow with RGB data ([0..1] for floats or [0..255] for integers).
Clipping input data to the valid range for imshow with RGB data ([0..1] for floats or [0..255] for integers).
Clipping input data to the valid range for imshow with RGB data ([0..1] for floats or [0..255] for integers).
Clipping input data to the valid range for imshow with RGB data ([0..1] for floats or [0..255] for integers).
Clipping input data to the valid range for imshow with RGB data ([0..1] for floats or [0..255] for integers).
Clipping input data to the valid range for imshow with RGB data ([0..1] for floats or [0..255] for integers).
Clipping input data to the valid range for imshow with RGB data ([0..1] for floats or [0..255] for integers).
Clipping input data to the valid range for imshow with RGB data ([0..1] for floats or [0..255] for integers).
Clipping input data to the valid range for imshow with RGB data ([0..1] for floats or [0..255] for integers).
Clipping input data to the valid range for imshow with RGB data ([0..1] for floats or [0..255] for integers).
Clipping input data to the valid range for imshow with RGB data ([0..1] for floats or [0..255] for integers).
Clipping input data to the valid range for imshow with RGB data ([0..1] for floats or [0..255] for integers).
Clipping input data to the valid range for imshow with RGB data ([0..1] for floats or [0..255] for integers).
Clipping input data to the valid range for imshow with RGB data ([0..1] for floats or [0..255] for integers).
Clipping input data to the valid range for imshow with RGB data ([0..1] for floats or [0..255] for integers).
Clipping input data to the valid range for imshow with RGB data ([0..1] for floats or [0..255] for integers).
Clipping input data to the valid range for imshow with RGB data ([0..1] for floats or [0..255] for integers).
Clipping input data to the valid range for imshow with RGB data ([0..1] for floats or [0..255] for integers).
Clipping input data to the valid range for imshow with RGB data ([0..1] for floats or [0..255] for integers).
Clipping input data to the valid range for imshow with RGB data ([0..1] for floats or [0..255] for integers).
Clipping input data to the valid range for imshow with RGB data ([0..1] for floats or [0..255] for integers).
Clipping input data to the valid range for imshow with RGB data ([0..1] for floats or [0..255] for integers).
Clipping input data to the valid range for imshow with RGB data ([0..1] for floats or [0..255] for integers).
Clipping input data to the valid range for imshow with RGB data ([0..1] for floats or [0..255] for integers).
Clipping input data to the valid range for imshow with RGB data ([0..1] for floats or [0..255] for integers).
Clipping input data to the valid range for imshow with RGB data ([0..1] for floats or [0..255] for integers).
Clipping input data to the valid range for imshow with RGB data ([0..1] for floats or [0..255] for integers).
Clipping input data to the valid range for imshow with RGB data ([0..1] for floats or [0..255] for integers).
Clipping input data to the valid range for imshow with RGB data ([0..1] for floats or [0..255] for integers).
Clipping input data to the valid range for imshow with RGB data ([0..1] for floats or [0..255] for integers).
Clipping input data to the valid range for imshow with RGB data ([0..1] for floats or [0..255] for integers).
Clipping input data to the valid range for imshow with RGB data ([0..1] for floats or [0..255] for integers).
Clipping input data to the valid range for imshow with RGB data ([0..1] for floats or [0..255] for integers).
Clipping input data to the valid range for imshow with RGB data ([0..1] for floats or [0..255] for integers).
Clipping input data to the valid range for imshow with RGB data ([0..1] for floats or [0..255] for integers).
Clipping input data to the valid range for imshow with RGB data ([0..1] for floats or [0..255] for integers).
Clipping input data to the valid range for imshow with RGB data ([0..1] for floats or [0..255] for integers).
Clipping input data to the valid range for imshow with RGB data ([0..1] for floats or [0..255] for integers).
Clipping input data to the valid range for imshow with RGB data ([0..1] for floats or [0..255] for integers).
Clipping input data to the valid range for imshow with RGB data ([0..1] for floats or [0..255] for integers).
Clipping input data to the valid range for imshow with RGB data ([0..1] for floats or [0..255] for integers).
Clipping input data to the valid range for imshow with RGB data ([0..1] for floats or [0..255] for integers).
Clipping input data to the valid range for imshow with RGB data ([0..1] for floats or [0..255] for integers).
Clipping input data to the valid range for imshow with RGB data ([0..1] for floats or [0..255] for integers).
Clipping input data to the valid range for imshow with RGB data ([0..1] for floats or [0..255] for integers).
Clipping input data to the valid range for imshow with RGB data ([0..1] for floats or [0..255] for integers).
Clipping input data to the valid range for imshow with RGB data ([0..1] for floats or [0..255] for integers).
Clipping input data to the valid range for imshow with RGB data ([0..1] for floats or [0..255] for integers).
Clipping input data to the valid range for imshow with RGB data ([0..1] for floats or [0..255] for integers).
Clipping input data to the valid range for imshow with RGB data ([0..1] for floats or [0..255] for integers).
Clipping input data to the valid range for imshow with RGB data ([0..1] for floats or [0..255] for integers).
Clipping input data to the valid range for imshow with RGB data ([0..1] for floats or [0..255] for integers).
Clipping input data to the valid range for imshow with RGB data ([0..1] for floats or [0..255] for integers).
Clipping input data to the valid range for imshow with RGB data ([0..1] for floats or [0..255] for integers).
Clipping input data to the valid range for imshow with RGB data ([0..1] for floats or [0..255] for integers).
Clipping input data to the valid range for imshow with RGB data ([0..1] for floats or [0..255] for integers).
Clipping input data to the valid range for imshow with RGB data ([0..1] for floats or [0..255] for integers).
Clipping input data to the valid range for imshow with RGB data ([0..1] for floats or [0..255] for integers).
Start relabeling
10
0.20276692391964204
20
0.23216674535663762
30
0.22624776950729114
40
0.21150022252194875
50
0.1850734837137541
60
0.1669422955021552
70
0.1644964632646907
80
0.16928324935800482
90
0.17096830528321796
100
0.16709269179337255
110
0.17005991776370288
120
0.16895367701828304
130
0.16998634131094578
140
0.1646189438036576
150
0.16716171635595056
160
0.16798005248693063
170
0.16811247894715325
180
0.17008347763207063
190
0.17658153880277067
200
0.17603011168139218
210
0.1749748555978614
220
0.17391717393681164
230
0.17601977861058746
240
0.17911893913834628
250
0.17879279682289517
260
0.1774638428504782
270
0.1775377958611754
280
0.17471369046777346
290
0.1727167075116258
300
0.1718348102448383
310
0.16924417402189826
320
0.1671776426389527
330
0.1669254988322164
/home/jiashuo/workspace/codes/context-based-parking-slot-detect/PSV_visual.py:448: UserWarning: Matplotlib is currently using agg, which is a non-GUI backend, so cannot show the figure.
  plt.show()
Clipping input data to the valid range for imshow with RGB data ([0..1] for floats or [0..255] for integers).
/home/jiashuo/workspace/codes/context-based-parking-slot-detect/PSV_visual.py:456: UserWarning: Matplotlib is currently using agg, which is a non-GUI backend, so cannot show the figure.
  plt.show()
Clipping input data to the valid range for imshow with RGB data ([0..1] for floats or [0..255] for integers).
Clipping input data to the valid range for imshow with RGB data ([0..1] for floats or [0..255] for integers).
Clipping input data to the valid range for imshow with RGB data ([0..1] for floats or [0..255] for integers).
Clipping input data to the valid range for imshow with RGB data ([0..1] for floats or [0..255] for integers).
Clipping input data to the valid range for imshow with RGB data ([0..1] for floats or [0..255] for integers).
Clipping input data to the valid range for imshow with RGB data ([0..1] for floats or [0..255] for integers).
Clipping input data to the valid range for imshow with RGB data ([0..1] for floats or [0..255] for integers).
Clipping input data to the valid range for imshow with RGB data ([0..1] for floats or [0..255] for integers).
Start relabeling
10
0.3109741043889911
0.46077962495481445
Start relabeling
10
0.3109741043889911
0.46077962495481445
20
0.2567392216533272
0.39060887796599253
30
0.23727122790408492
0.3696948276355562
40
0.22882743865347216
0.3592704766975785
50
0.20994698471967838
0.33281505965110414
60
0.19220813714630722
0.30839801913268533
70
0.1850073559436086
0.298895030149727
80
0.18327464905505705
0.2977762176970891
90
0.1803872482355633
0.29459109281185614
100
0.1842443351933735
0.3002608158264962
110
0.18795331050780653
0.30563433188942724
120
0.19009498071645795
0.30847613042324823
130
0.19074177284342408
0.30919553446227105
140
0.18599683385124172
0.3023917522644804
150
0.19361029249002787
0.3118952601154615
160
0.1947288623644938
0.31354376559316693
170
0.19361123300846814
0.31217302226288035
180
0.1968346577672477
0.31706901810843263
190
0.2041173010200918
0.32647015480184893
200
0.2056409186230804
0.32900463910869676
210
0.20524665723732236
0.3287655927737435
220
0.2026451653978687
0.3247698777555574
230
0.20409683641274945
0.3269064498106345
240
0.20554124607359442
0.3292306890134852
250
0.20488700189382802
0.32860519468245464
260
0.20521287307185038
0.32930573065517804
270
0.20587513046846276
0.3302529161150193
280
0.204079823177175
0.3279479620298406
290
0.20247855056148312
0.3258064794869354
300
0.20187899145845453
0.32498735000337237
310
0.20023320134519643
0.322811136702267
320
0.19792324412606926
0.31918643281908443
330
0.19804421747019038
0.31945842470274155
340
0.19519085099474062
0.31533865634716624
350
0.19224418202649446
0.3110892767117647
360
0.19105548886139082
0.3094911587848588
370
0.18981627160698322
0.30775345191266057
380
0.18878565899054142
0.30640743288090777
390
0.1865978188472115
0.30328714076200486
400
0.1855614555047201
0.30183660856607725
410
0.18679737587357548
0.30360384540563945
420
0.18763449967764015
0.3046943321865593
430
0.18742789718532893
0.304476158700898
440
0.187501135287592
0.30466255236815454
450
0.18755239288235195
0.3048231794364919
460
0.1853629073762673
0.30165262451799185
470
0.18420803454599394
0.3000394499231
480
0.1841608357443693
0.30013278451364467
490
0.184604546638287
0.3008339536007066
500
0.184634281795981
0.30099653951782235
510
0.18498745428299682
0.30152577358139154
520
0.18509957612567016
0.3017841547549115
530
0.18589969022993066
0.30298791217146176
540
0.18515028660897775
0.3017538145894602
550
0.18619366255417028
0.3030220339061342
560
0.18641842151067575
0.3033326918468519
570
0.18646379745076633
0.303473661123342
580
0.18652498957128774
0.3036879440036057
590
0.1886224286965051
0.3063451315971518
600
0.19068328855960245
0.3090455368616251
610
0.19092390235974413
0.3095006412531466
620
0.19022161677238458
0.30853773824057373
630
0.1905662306600932
0.30897763781661325
640
0.19219969651065602
0.31122801907084263
650
0.19253688971092434
0.3117590798800577
660
0.1925277376088953
0.3118360328826824
670
0.19300410000945178
0.31252143490354056
680
0.19316860865779112
0.3128509822524735
690
0.1923919007040185
0.31175820793722775
700
0.19248719019851404
0.311922001640163
710
0.19187769198432028
0.31112150948463996
720
0.1906771323228612
0.30929347745061286
730
0.1909391796959168
0.30971020766663593
740
0.18979546360138647
0.3080212117416643
750
0.18850120864719047
0.30613968064323294
760
0.18767426298300505
0.30495198283415303
770
0.18756752558123202
0.30484813751407147
780
0.18764696179543752
0.3050339500397907
790
0.18673245595273774
0.30362927755350166
800
0.18598138677990989
0.30250208198156026
810
0.1857305191871978
0.30217344261599743
820
0.18583246048167307
0.30225689496912583
830
0.18666866856388908
0.303424199796996
840
0.18709497758022228
0.3040437226001567
850
0.18717886229255987
0.30423041966852293
860
0.18615848381190847
0.3027822963678531
870
0.18510175125914838
0.3012737051959964
880
0.18478641585396643
0.30087912548321755
890
0.1846816554069577
0.3007594413726602
900
0.18462165180727141
0.3007299442260579
910
0.1848697248289042
0.301106392604064
920
0.18551802380171944
0.3020737325246036
930
0.1854591534597648
0.3020082873154434
940
0.18512002891710413
0.3015060822673426
950
0.18536868055505334
0.30181683851516733
960
0.1860282300712779
0.3027717213096815
970
0.18612542595002815
0.30293363137083146
980
0.1858652607747399
0.30259690331066785
990
0.1867926201220602
0.30383582086346295
1000
0.18834934272065817
0.30584719124760873
1010
0.18915595148354997
0.30698724180852294
1020
0.1888730167001014
0.3066323782879272
1030
0.18859750482305035
0.3062423550619674
1040
0.18928944027718664
0.30723187754176934
1050
0.1897708933770398
0.3079509845827179
1060
0.18995212507614403
0.3082575320810009
1070
0.18992427088640884
0.30830529336733076
1080
0.189869483902878
0.3083098173643096
1090
0.18966545562501197
0.308056571739962
1100
0.18918917759404413
0.3073673800269622
1110
0.1891192179973249
0.3073151382101499
1120
0.1887079810337521
0.3066194792415856
1130
0.1883962906971169
0.30620380966763944
1140
0.1878193204109253
0.30540136109390903
1150
0.18686534701224367
0.30400084200569893
1160
0.18625175224721138
0.3031522031053737
1170
0.18607004768288637
0.3028668302942703
1180
0.18659029089107418
0.30361123317328975
1190
0.18623963176046074
0.30311934917079436
1200
0.18605027022325354
0.3028180112277908
1210
0.18559258276600005
0.30217855296222307
1220
0.18578696831203215
0.30249878687694254
1230
0.18590987709911788
0.30269535134033554
1240
0.1862026903651648
0.30312773865947173
1250
0.18636422144069478
0.30337313985127656
1260
0.18608523294855764
0.3030059390839371
1270
0.18531996733796174
0.30189543283430736
1280
0.18499317654060987
0.3014459572798386
1290
0.1852900005310711
0.3018921028953251
1300
0.1851743454682875
0.3017302784123387
1310
0.18513910057790064
0.3016989386876294
1320
0.1850929360007026
0.3016710945748024
1330
0.18487211983117813
0.30141931524982407
1340
0.1850073226130638
0.3016233193607522
1350
0.18459551625465506
0.3009973483502983
1360
0.18518961072110113
0.3018228199723318
1370
0.18543256181539555
0.30215240984058506
1380
0.18527893399533343
0.30193274409672116
1390
0.18539241667776363
0.3021165465178012
1400
0.18654525261482782
0.3035783852294394
1410
0.18689865387044818
0.30409771285639786
1420
0.18678273325294534
0.3039757696721439
1430
0.1862559776164195
0.303236091316008
1440
0.18684464149883365
0.3040331966455044
1450
0.1874292585035312
0.3048560627851449
1460
0.1876763093873378
0.30525193646148974
1470
0.18771315803413824
0.30534731110480046
1480
0.18788171191019035
0.30560547966103063
1490
0.18765675979478513
0.3053186911430445
1500
0.18741385405210095
0.304976570401851
1510
0.18727247141869818
0.3047892297986502
1520
0.18718340941124886
0.30465704122849435
1530
0.1867752680990086
0.30402272027896576
1540
0.18676917074082297
0.304044677279824
1550
0.18625263401770334
0.3032959091567139
1560
0.18555079100020067
0.30225322895992696
1570
0.185250487056897
0.30183291941407864
1580
0.18500731115338803
0.30145520106477436
1590
0.18516628982645844
0.30168986328941766
1600
0.18459097464397853
0.30085620290909526
1610
0.1842672728242562
0.3003816551140272
1620
0.18378491385649817
0.299700887579612
1630
0.18408169229900448
0.3001037092343946
1640
0.18452925188703112
0.3007001382307853
1650
0.1848138883793736
0.3010490837081554
1660
0.18454828169806034
0.30071341399923385
1670
0.1840520055130997
0.2999936212455454
1680
0.1836132795962114
0.29937064219111537
1690
0.18351239652655119
0.2992629882135314
1700
0.18342053242550407
0.2991698841416467
1710
0.18336747240920326
0.29912095648911396
1720
0.18346978091525018
0.2993012463573243
1730
0.18348378597203258
0.29934220760458746
1740
0.18345462730383413
0.2993214937453262
1750
0.1832798870745303
0.2991023045392012
1760
0.1830316037551012
0.2987730685104137
1770
0.18367296510603226
0.29962815807134047
1780
0.1837437922789205
0.2997333845402106
1790
0.18407365387873043
0.30018853310798166
1800
0.18455195330048546
0.30082352930463974
1810
0.18548516591589617
0.302005195804238
1820
0.18555417748577685
0.30214336429324695
1830
0.1856676672977955
0.3023239598156384
1840
0.18540344908246953
0.3019429113086638
1850
0.18585062515203998
0.3025617156849126
1860
0.18623247107933097
0.3031255163475265
1870
0.18635549919259078
0.3033171917776879
1880
0.18625064224644958
0.303212610377515
1890
0.18612162407829175
0.30304099101279336
1900
0.1858328479725067
0.3026468217176691
1910
0.1858697674668601
0.30268013818538436
1920
0.18600049153774642
0.3028153453424497
1930
0.18578667315445338
0.3024599246828204
1940
0.18576245397240426
0.3024343685220471
1950
0.1854992349407733
0.30205348221585004
1960
0.18503784031908102
0.3013792557895037
1970
0.1847966227426799
0.30103589536462283
1980
0.1846511514465592
0.3008347755179498
1990
0.1843813915553677
0.30043713682953455
2000
0.184074845127689
0.3000116807940095
2010
0.18377417723622402
0.2995880516761178
2020
0.18339351716760177
0.2990431467947292
2030
0.18357461554090407
0.29923898569345814
2040
0.1839027204800983
0.29966467234932903
2050
0.18431044041923048
0.3002133015865475
2060
0.18417314271612964
0.30004161752469993
2070
0.18380294772078976
0.29950655847932045
2080
0.1833448525171279
0.29884500593429925
2090
0.18336699368150025
0.2988774401867195
2100
0.18360049877200962
0.2991894329205891
2110
0.18345749549665327
0.29901665131686667
2120
0.18350308520604816
0.2991038455940995
2130
0.18370803459761337
0.2993814542879736
2140
0.1836715786723883
0.2993486910784299
2150
0.1837525147308355
0.29947110891645945
2160
0.18345875040169193
0.2990553937822262
2170
0.183806002735925
0.2995223302611573
2180
0.18386164371889707
0.2996211908246561
2190
0.18401233662486025
0.2998175944546704
2200
0.18431316286819022
0.3001925050103433
2210
0.18480566918925018
0.30086744619537975
2220
0.1849867940243159
0.30114474893291704
2230
0.18500788262037032
0.3012116753926197
2240
0.18475195063518976
0.300848042253774
2250
0.18504150958640242
0.30125016943750554
2260
0.18542562799908652
0.3017985193263376
2270
0.18558033507953758
0.3020135811747003
2280
0.1855171702298653
0.30196346937295937
2290
0.18554859449959726
0.3020345307130133
2300
0.18538833573163446
0.3018322996310693
2310
0.18528113047141256
0.3016735066406421
2320
0.18520344147436488
0.30157234876469236
2330
0.18513480408507657
0.3014623732764475
2340
0.18502651415281382
0.3013055851773098
2350
0.18493160831055672
0.30116668802745905
2360
0.18450749260143076
0.30054779404268805
2370
0.18412564562722877
0.29999015125250805
2380
0.18388929496439857
0.2996630458134955
2390
0.1837283004951909
0.29939623090461054
2400
0.18349095693963483
0.2990734167973032
2410
0.18333825351660107
0.29885116864361544
2420
0.18307895919078168
0.29848040463006437
Start relabeling
10
0.19243623677203306
0.3109837842178048
20
0.1705425955902838
0.28070458000141124
30
0.16028779781341085
0.267864190629569
40
0.15333391569961174
0.2574245860816534
50
0.13416290479628032
0.2274008423612643
60
0.12644118731960446
0.2159329199215436
70
0.12748668010830708
0.21819363896810728
80
0.1306710338828636
0.22378635321128487
90
0.1294205766826576
0.2223636080464899
100
0.13104139912462964
0.22487082807318878
110
0.13054938678962352
0.22432149829966483
120
0.1293361647499582
0.22268236936807095
130
0.12535682315772612
0.21636586841921035
140
0.1275848594504885
0.2197058700476894
150
0.12864053469996375
0.22137164396115547
160
0.12622402008093864
0.21749004486064413
170
0.1301744133647666
0.22328697019591895
180
0.13176510828660348
0.2258055443440787
190
0.1305617813787766
0.22409587276161724
200
0.12963237209188413
0.22283313489930992
210
0.13011659305334647
0.22331812230910286
220
0.1298668794620829
0.22301368044181832
230
0.13023339075259416
0.22357386989998268
240
0.12999080484156977
0.22321743402953498
250
0.13008756634055088
0.2232185462182204
260
0.12952018911551422
0.22193354085354072
270
0.12829229156792002
0.22005355916047253
280
0.1260935905138202
0.21662386536746955
290
0.12789818312253862
0.21925972986782105
300
0.12822334329731078
0.21969804442166624
310
0.12823214431363708
0.21991349998083035
320
0.12821023286435634
0.21992282442103858
330
0.12747617518203458
0.21878869034310106
340
0.12528108625611156
0.21527722239102648
350
0.12459718244848687
0.21428375358080415
360
0.12536076808719823
0.2155897527254693
370
0.12601183228591767
0.2165950379804137
380
0.1267466986802337
0.2178356208023702
390
0.12626116725530384
0.21710698989969032
400
0.12660355838938758
0.21763270004184712
410
0.12631754278375176
0.2170766218752199
420
0.12681598215333523
0.21779316130855972
430
0.1272159166206499
0.21838593563813194
440
0.1267579527304934
0.2177253593846874
450
0.12618133252102096
0.21688437597508356
460
0.12758964013330518
0.21879081908962625
470
0.12698243787534338
0.21792945150257287
480
0.12675326076852966
0.21762270107154316
490
0.12710401601519025
0.21818941995015675
500
0.12699248095696666
0.21803313444994613
510
0.12717558547741398
0.2183684972904084
520
0.12724793035084436
0.21844042200841404
530
0.12757924024739373
0.2188710568356036
540
0.12751495314409556
0.21858391017347656
550
0.12643446141467818
0.21685258830335558
560
0.12606774283671787
0.21635756221941216
570
0.12509998777189754
0.21476579401164167
580
0.12550693380234007
0.21535458660334536
590
0.12599505104902808
0.21608330533473477
600
0.1269021308093089
0.2174831990357301
610
0.12671319684830887
0.2172175443235241
620
0.12657706189800402
0.21702545019656935
630
0.12534485848227686
0.21505066159990313
640
0.12487165939104727
0.21434770610804912
650
0.12478131084662568
0.21424952269241246
660
0.12489509835653864
0.21445460781306058
670
0.12488797778759962
0.2145094501697736
680
0.12503637602237813
0.21476567767723928
690
0.12500278721957803
0.21475411858785295
700
0.12535743995292378
0.21528235013224067
710
0.1252448369959869
0.21503867939672472
720
0.1253590816094032
0.21529100450064362
730
0.12561370256157026
0.21568733499605744
740
0.12522588738066384
0.21504541301173444
750
0.12537096134950682
0.21532086402960787
760
0.12661048366533792
0.21703527454889102
770
0.12646443392766865
0.21686512865496022
780
0.12623414004841513
0.21654194837633484
790
0.12647256789297462
0.21687927022651782
800
0.12691988618895134
0.21760007599369466
810
0.12677265454012762
0.21742274806025164
820
0.1271782073818119
0.21809500212000985
830
0.12725430222554532
0.21821396127305523
840
0.1269102379886605
0.21770752067584737
850
0.12638103415742022
0.2167245165686444
860
0.12600772003295654
0.21619014211173967
870
0.1258836736410589
0.21592214476252197
880
0.12577054482103142
0.2157825620793188
890
0.1259791532980933
0.21613358799559643
900
0.126276795608147
0.21661520967160508
910
0.12629561224902158
0.2166634845267488
920
0.12630665966363158
0.21670030674897836
930
0.12557627501606702
0.21553621388212624
940
0.12526483466657226
0.2150482655306942
950
0.12560423688912217
0.2155961273483292
960
0.1258572419799237
0.21596803921797095
970
0.12572835475077743
0.21581570561252866
980
0.12560225093379312
0.21563059321854255
990
0.12548311713675028
0.2154723461558315
1000
0.1256127246303137
0.215675670729963
1010
0.1254173901569728
0.2153168016366167
1020
0.12582534497647868
0.2159743370048621
1030
0.12583403370769486
0.2160000239764739
1040
0.1253657902887652
0.21529528836177883
1050
0.12566710153816202
0.21570170149792078
1060
0.12578093366463416
0.21585211662873224
1070
0.12557960457924727
0.21558995941573447
1080
0.1254465539884635
0.21542480178136156
1090
0.12571168964258939
0.21581255198941693
1100
0.12561752342655438
0.2157172816787767
1110
0.12621466259017786
0.2166012938535169
1120
0.12620199085103243
0.21657948363255564
1130
0.12648176276606893
0.21698417370423223
1140
0.12628526024149145
0.2165928910608064
1150
0.1257561873183227
0.21574728440130628
1160
0.1257008955230919
0.2156696930614649
1170
0.12517553426922612
0.2148365446090923
1180
0.12511441291358746
0.21475396114500775
1190
0.125658234254025
0.21550857706264404
1200
0.12599326119657756
0.2160389180643977
1210
0.1257786947827465
0.21568833742577365
1220
0.12551234354011437
0.21529777102871359
1230
0.12496568173416785
0.21443076928474195
1240
0.12488207884057001
0.21433130528430172
1250
0.12512892667257297
0.21472340390533518
1260
0.1252139798786772
0.21487849141446588
1270
0.12535222329980966
0.21511637862831615
1280
0.12531931963900764
0.21509661515908363
1290
0.12510948078086612
0.2147816696069336
1300
0.1252086538936889
0.21494742311265003
1310
0.12491124083140205
0.21450050523125935
1320
0.12505929571919774
0.21475698764768522
1330
0.12499971081463951
0.21469180837201085
1340
0.12502881956861076
0.21474399028261743
1350
0.12519001814127262
0.21499807924739528
1360
0.125976447394637
0.21615071369947442
1370
0.12588248884374567
0.21603499974337936
1380
0.1258241837082753
0.21597482099014698
1390
0.12569543380451045
0.21578876095681784
1400
0.12593057985297726
0.21612550781056505
1410
0.12602934614310213
0.21630581681333194
1420
0.12582960094728382
0.21601821159042037
1430
0.12584271482968123
0.2160567571405764
1440
0.12609308221826623
0.21641351436291395
1450
0.1262729211694956
0.21663050501823639
1460
0.12638681135181118
0.2167040279777338
1470
0.1263131052028103
0.21656950804013989
1480
0.12629204465249255
0.21653161112647973
1490
0.1258260866395163
0.2157954642960714
1500
0.12568227463823667
0.21557717165668544
1510
0.1259430397528132
0.21590032511202983
1520
0.12626047726931997
0.21638667252338145
1530
0.12624575850483077
0.2163686651340297
1540
0.12599453035816896
0.21598884251814615
1550
0.12554622037244587
0.21527479918578743
1560
0.1254714505581831
0.2151439888984999
1570
0.12555394901587488
0.21528063264665057
1580
0.1258650948165688
0.21573887531678843
1590
0.1260431870528726
0.21603512364101504
1600
0.12631206077812177
0.216405614120783
1610
0.12620898309069561
0.2162346965594703
1620
0.12641066401706483
0.2165433701807122
1630
0.12616556291115585
0.2161720766655537
1640
0.12631526570018198
0.21639239946333005
1650
0.12627475179438818
0.2163595335767978
1660
0.12632466806632792
0.21646070641368098
1670
0.1262544948139449
0.21635582930942235
1680
0.12691960818797163
0.21728250045791464
1690
0.12685260343916432
0.21720034816591005
1700
0.12680178954842194
0.21715420617894451
1710
0.12670019689254314
0.21701013131158578
1720
0.12693669748863884
0.2173960420235742
1730
0.12703547095195702
0.2175158982962113
1740
0.12723626518728137
0.2178406556624126
1750
0.12710531864755242
0.21765885731180268
1760
0.1273874591908609
0.21807589246871312
1770
0.1272168346126931
0.2178008124627896
1780
0.12711544378942327
0.21759849083648838
1790
0.12684601343124455
0.21718181829610958
1800
0.12657738209053052
0.216766518061085
1810
0.12660539877557012
0.21679083435481059
